[24Apr2025 00:01:52.227] [Server thread/INFO] [net.minecraft.server.MinecraftServer/]: [Not Secure] <Itz_Jusebg_FpF> se te peto?
[24Apr2025 00:04:47.397] [Server thread/INFO] [net.minecraft.server.network.ServerGamePacketListenerImpl/]: buenxs14 lost connection: Disconnected
[24Apr2025 00:04:47.398] [Server thread/INFO] [net.minecraft.server.MinecraftServer/]: buenxs14 left the game
[24Apr2025 00:12:52.115] [Server thread/INFO] [net.minecraft.server.players.PlayerList/]: buenxs14[/127.24.29.162:44495] logged in with entity id 8514 at (580.360751021811, 74.0, -1025.1199729802986)
[24Apr2025 00:12:52.123] [Server thread/INFO] [net.minecraft.server.MinecraftServer/]: buenxs14 joined the game
[24Apr2025 00:14:12.509] [Server thread/INFO] [net.minecraft.server.MinecraftServer/]: Itz_Jusebg_FpF has made the advancement [Who You Gonna Call?]
[24Apr2025 00:18:55.363] [Server thread/INFO] [net.minecraft.server.MinecraftServer/]: Itz_Jusebg_FpF has made the advancement [Amateur Archaeologist]
[24Apr2025 00:22:52.477] [Server thread/WARN] [net.minecraft.server.network.ServerGamePacketListenerImpl/]: buenxs14 moved too quickly! -3.529741823344864,2.249187078744683,-9.155338283300807
[24Apr2025 00:23:02.655] [Server thread/INFO] [net.minecraft.server.MinecraftServer/]: Itz_Jusebg_FpF has made the advancement [Rigged from the Start]
[24Apr2025 00:24:42.164] [Server thread/INFO] [net.minecraft.server.MinecraftServer/]: Itz_Jusebg_FpF has made the advancement [No Step on Snake]
[24Apr2025 00:26:45.992] [Server thread/INFO] [net.minecraft.server.MinecraftServer/]: Itz_Jusebg_FpF has fallen
[24Apr2025 00:26:46.023] [Server thread/WARN] [net.minecraft.server.network.ServerGamePacketListenerImpl/]: buenxs14 moved too quickly! -7.105346382351513,-0.005658827910522746,-7.267810513976656
[24Apr2025 00:26:46.029] [Server thread/WARN] [net.minecraft.server.MinecraftServer/]: Can't keep up! Is the server overloaded? Running 3846ms or 76 ticks behind
[24Apr2025 00:27:15.161] [Server thread/INFO] [net.minecraft.server.MinecraftServer/]: Itz_Jusebg_FpF was turned into gorgonzola by Gorgon
[24Apr2025 00:32:29.107] [Server thread/INFO] [net.minecraft.server.MinecraftServer/]: Itz_Jusebg_FpF has made the advancement [...And My Axe!]
[24Apr2025 00:33:26.656] [Server thread/INFO] [net.minecraft.server.MinecraftServer/]: [Not Secure] <Itz_Jusebg_FpF> zzzzzzzz
[24Apr2025 00:33:26.811] [Server thread/INFO] [net.minecraft.server.MinecraftServer/]: [Not Secure] <Itz_Jusebg_FpF> z
[24Apr2025 00:33:26.952] [Server thread/INFO] [net.minecraft.server.MinecraftServer/]: [Not Secure] <Itz_Jusebg_FpF> z
[24Apr2025 00:33:27.080] [Server thread/INFO] [net.minecraft.server.MinecraftServer/]: [Not Secure] <Itz_Jusebg_FpF> z
[24Apr2025 00:33:27.255] [Server thread/INFO] [net.minecraft.server.MinecraftServer/]: [Not Secure] <Itz_Jusebg_FpF> z
[24Apr2025 00:36:12.338] [Server thread/ERROR] [net.minecraft.Util/]: Invalid entity rotation: NaN, discarding.
[24Apr2025 00:36:12.610] [Server thread/ERROR] [net.minecraft.Util/]: Invalid entity rotation: NaN, discarding.
[24Apr2025 00:36:12.699] [Server thread/ERROR] [net.minecraft.Util/]: Invalid entity rotation: NaN, discarding.
[24Apr2025 00:36:12.802] [Server thread/ERROR] [net.minecraft.Util/]: Invalid entity rotation: NaN, discarding.
[24Apr2025 00:36:12.902] [Server thread/ERROR] [net.minecraft.Util/]: Invalid entity rotation: NaN, discarding.
[24Apr2025 00:36:13.005] [Server thread/ERROR] [net.minecraft.Util/]: Invalid entity rotation: NaN, discarding.
[24Apr2025 00:36:13.112] [Server thread/ERROR] [net.minecraft.Util/]: Invalid entity rotation: NaN, discarding.
[24Apr2025 00:36:13.204] [Server thread/ERROR] [net.minecraft.Util/]: Invalid entity rotation: NaN, discarding.
[24Apr2025 00:36:13.300] [Server thread/ERROR] [net.minecraft.Util/]: Invalid entity rotation: NaN, discarding.
[24Apr2025 00:36:15.601] [Server thread/ERROR] [net.minecraft.Util/]: Invalid entity rotation: NaN, discarding.
[24Apr2025 00:36:15.695] [Server thread/ERROR] [net.minecraft.Util/]: Invalid entity rotation: NaN, discarding.
[24Apr2025 00:36:15.817] [Server thread/ERROR] [net.minecraft.Util/]: Invalid entity rotation: NaN, discarding.
[24Apr2025 00:36:15.903] [Server thread/ERROR] [net.minecraft.Util/]: Invalid entity rotation: NaN, discarding.
[24Apr2025 00:36:16.006] [Server thread/ERROR] [net.minecraft.Util/]: Invalid entity rotation: NaN, discarding.
[24Apr2025 00:37:52.260] [Server thread/INFO] [net.minecraft.server.MinecraftServer/]: [Not Secure] <Itz_Jusebg_FpF> -10 100 -2000
[24Apr2025 00:37:58.910] [Server thread/INFO] [net.minecraft.server.MinecraftServer/]: buenxs14 has made the advancement [What Happens in Las Vegas...]
[24Apr2025 00:45:55.123] [Server thread/INFO] [net.minecraft.server.MinecraftServer/]: The difficulty has been set to Hard
[24Apr2025 00:47:07.212] [Server thread/INFO] [net.minecraft.server.MinecraftServer/]: [Not Secure] <Itz_Jusebg_FpF> z
[24Apr2025 00:47:07.312] [Server thread/INFO] [net.minecraft.server.MinecraftServer/]: [Not Secure] <Itz_Jusebg_FpF> z
[24Apr2025 00:47:07.465] [Server thread/INFO] [net.minecraft.server.MinecraftServer/]: [Not Secure] <Itz_Jusebg_FpF> z
[24Apr2025 00:47:07.608] [Server thread/INFO] [net.minecraft.server.MinecraftServer/]: [Not Secure] <Itz_Jusebg_FpF> z
[24Apr2025 00:47:07.708] [Server thread/INFO] [net.minecraft.server.MinecraftServer/]: [Not Secure] <Itz_Jusebg_FpF> z
[24Apr2025 00:47:46.829] [Server thread/INFO] [net.minecraft.server.MinecraftServer/]: [Not Secure] <buenxs14> z
[24Apr2025 00:47:47.060] [Server thread/INFO] [net.minecraft.server.MinecraftServer/]: [Not Secure] <buenxs14> z
[24Apr2025 00:47:47.176] [Server thread/INFO] [net.minecraft.server.MinecraftServer/]: [Not Secure] <buenxs14> z
[24Apr2025 00:47:47.307] [Server thread/INFO] [net.minecraft.server.MinecraftServer/]: [Not Secure] <buenxs14> z
[24Apr2025 00:47:48.861] [Server thread/INFO] [net.minecraft.server.MinecraftServer/]: [Not Secure] <Itz_Jusebg_FpF> zz
[24Apr2025 00:47:49.012] [Server thread/INFO] [net.minecraft.server.MinecraftServer/]: [Not Secure] <Itz_Jusebg_FpF> z
[24Apr2025 00:47:49.108] [Server thread/INFO] [net.minecraft.server.MinecraftServer/]: [Not Secure] <Itz_Jusebg_FpF> z
[24Apr2025 00:47:49.264] [Server thread/INFO] [net.minecraft.server.MinecraftServer/]: [Not Secure] <Itz_Jusebg_FpF> z
[24Apr2025 00:47:49.358] [Server thread/INFO] [net.minecraft.server.MinecraftServer/]: [Not Secure] <Itz_Jusebg_FpF> z
[24Apr2025 00:47:49.477] [Server thread/INFO] [net.minecraft.server.MinecraftServer/]: [Not Secure] <Itz_Jusebg_FpF> z
[24Apr2025 00:47:49.608] [Server thread/INFO] [net.minecraft.server.MinecraftServer/]: [Not Secure] <Itz_Jusebg_FpF> z
[24Apr2025 00:48:14.726] [Server thread/INFO] [net.minecraft.server.MinecraftServer/]: [Not Secure] <Itz_Jusebg_FpF> zzzz
[24Apr2025 00:48:14.963] [Server thread/INFO] [net.minecraft.server.MinecraftServer/]: [Not Secure] <Itz_Jusebg_FpF> z
[24Apr2025 00:48:15.065] [Server thread/INFO] [net.minecraft.server.MinecraftServer/]: [Not Secure] <Itz_Jusebg_FpF> z
[24Apr2025 00:48:15.178] [Server thread/INFO] [net.minecraft.server.MinecraftServer/]: [Not Secure] <Itz_Jusebg_FpF> z
[24Apr2025 00:48:15.312] [Server thread/INFO] [net.minecraft.server.MinecraftServer/]: [Not Secure] <Itz_Jusebg_FpF> z
[24Apr2025 00:48:16.558] [Server thread/INFO] [net.minecraft.server.network.ServerGamePacketListenerImpl/]: buenxs14 lost connection: Disconnected
[24Apr2025 00:48:16.558] [Server thread/INFO] [net.minecraft.server.MinecraftServer/]: buenxs14 left the game
[24Apr2025 00:48:44.217] [Server thread/INFO] [net.minecraft.server.players.PlayerList/]: buenxs14[/127.24.29.162:52599] logged in with entity id 40907 at (1.2058152520717718, 103.0, -2024.00440576063)
[24Apr2025 00:48:44.224] [Server thread/INFO] [net.minecraft.server.MinecraftServer/]: buenxs14 joined the game
[24Apr2025 00:48:49.101] [Server thread/INFO] [net.minecraft.server.MinecraftServer/]: buenxs14 has fallen
[24Apr2025 00:49:03.514] [Server thread/INFO] [net.minecraft.server.MinecraftServer/]: buenxs14 has been revived
[24Apr2025 00:50:14.511] [Server thread/INFO] [net.minecraft.server.MinecraftServer/]: buenxs14 has fallen
[24Apr2025 00:50:44.510] [Server thread/INFO] [net.minecraft.server.MinecraftServer/]: buenxs14 went off with a bang
[24Apr2025 00:51:19.262] [Server thread/INFO] [net.minecraft.server.MinecraftServer/]: buenxs14 has fallen
[24Apr2025 00:51:39.382] [Server thread/INFO] [net.minecraft.server.MinecraftServer/]: buenxs14 went off with a bang
[24Apr2025 00:54:20.450] [Server thread/INFO] [net.minecraft.server.MinecraftServer/]: Itz_Jusebg_FpF has fallen
[24Apr2025 00:54:25.046] [Server thread/INFO] [net.minecraft.server.MinecraftServer/]: buenxs14 has fallen
[24Apr2025 00:54:30.562] [Server thread/INFO] [net.minecraft.server.MinecraftServer/]: buenxs14 has been revived
[24Apr2025 00:54:50.462] [Server thread/INFO] [net.minecraft.server.MinecraftServer/]: Itz_Jusebg_FpF was slain by Zombie
[24Apr2025 00:55:23.858] [Server thread/INFO] [net.minecraft.server.MinecraftServer/]: buenxs14 has fallen
[24Apr2025 00:55:30.664] [Server thread/INFO] [net.minecraft.server.MinecraftServer/]: buenxs14 went off with a bang
[24Apr2025 01:00:37.404] [Server thread/INFO] [net.minecraft.server.MinecraftServer/]: buenxs14 has fallen
[24Apr2025 01:01:03.806] [Server thread/INFO] [net.minecraft.server.MinecraftServer/]: buenxs14 went off with a bang
[24Apr2025 01:01:10.818] [Server thread/INFO] [net.minecraft.server.MinecraftServer/]: [Not Secure] <buenxs14> z
[24Apr2025 01:01:10.914] [Server thread/INFO] [net.minecraft.server.MinecraftServer/]: [Not Secure] <buenxs14> z
[24Apr2025 01:01:11.110] [Server thread/INFO] [net.minecraft.server.MinecraftServer/]: [Not Secure] <buenxs14> z
[24Apr2025 01:01:33.454] [Server thread/INFO] [net.minecraft.server.MinecraftServer/]: [Not Secure] <Itz_Jusebg_FpF> zzzz
[24Apr2025 01:01:33.576] [Server thread/INFO] [net.minecraft.server.MinecraftServer/]: [Not Secure] <Itz_Jusebg_FpF> z
[24Apr2025 01:01:33.967] [Server thread/INFO] [net.minecraft.server.MinecraftServer/]: [Not Secure] <Itz_Jusebg_FpF> z
[24Apr2025 01:01:48.506] [Server thread/INFO] [net.minecraft.server.MinecraftServer/]: buenxs14 has fallen
[24Apr2025 01:02:06.007] [Server thread/INFO] [net.minecraft.server.MinecraftServer/]: buenxs14 has been revived
[24Apr2025 01:02:32.766] [Server thread/INFO] [net.minecraft.server.MinecraftServer/]: [Not Secure] <Itz_Jusebg_FpF> zzzzzzzz
[24Apr2025 01:02:33.119] [Server thread/INFO] [net.minecraft.server.MinecraftServer/]: [Not Secure] <Itz_Jusebg_FpF> z
[24Apr2025 01:02:33.255] [Server thread/INFO] [net.minecraft.server.MinecraftServer/]: [Not Secure] <Itz_Jusebg_FpF> z
[24Apr2025 01:02:33.359] [Server thread/INFO] [net.minecraft.server.MinecraftServer/]: [Not Secure] <Itz_Jusebg_FpF> z
[24Apr2025 01:02:33.481] [Server thread/INFO] [net.minecraft.server.MinecraftServer/]: [Not Secure] <Itz_Jusebg_FpF> z
[24Apr2025 01:02:33.617] [Server thread/INFO] [net.minecraft.server.MinecraftServer/]: [Not Secure] <Itz_Jusebg_FpF> z
[24Apr2025 01:02:33.756] [Server thread/INFO] [net.minecraft.server.MinecraftServer/]: [Not Secure] <Itz_Jusebg_FpF> z
[24Apr2025 01:02:38.673] [Server thread/INFO] [net.minecraft.server.MinecraftServer/]: [Not Secure] <buenxs14> z
[24Apr2025 01:02:38.929] [Server thread/INFO] [net.minecraft.server.MinecraftServer/]: [Not Secure] <buenxs14> z
[24Apr2025 01:02:39.104] [Server thread/INFO] [net.minecraft.server.MinecraftServer/]: [Not Secure] <buenxs14> z
[24Apr2025 01:02:39.223] [Server thread/INFO] [net.minecraft.server.MinecraftServer/]: [Not Secure] <buenxs14> z
[24Apr2025 01:02:39.472] [Server thread/INFO] [net.minecraft.server.MinecraftServer/]: [Not Secure] <buenxs14> z
[24Apr2025 01:03:45.454] [Server thread/INFO] [net.minecraft.server.MinecraftServer/]: buenxs14 has fallen
[24Apr2025 01:03:58.698] [Server thread/INFO] [net.minecraft.server.MinecraftServer/]: buenxs14 has been revived
[24Apr2025 01:05:47.051] [Server thread/INFO] [net.minecraft.server.MinecraftServer/]: Itz_Jusebg_FpF has fallen
[24Apr2025 01:06:17.056] [Server thread/INFO] [net.minecraft.server.MinecraftServer/]: Itz_Jusebg_FpF was slain by Wither Skeleton
[24Apr2025 01:08:02.906] [Server thread/ERROR] [net.minecraftforge.fml.loading.RuntimeDistCleaner/DISTXFORM]: Attempted to load class net/minecraft/client/Minecraft for invalid dist DEDICATED_SERVER
[24Apr2025 01:08:02.907] [Server thread/ERROR] [net.minecraftforge.eventbus.EventBus/EVENTBUS]: Exception caught during firing event: Attempted to load class net/minecraft/client/Minecraft for invalid dist DEDICATED_SERVER
	Index: 1
	Listeners:
		0: HIGHEST
		1: ASM: com.dplayend.justleveling.registry.RegistryCommonEvents@7e754915 onAttackEntity(Lnet/minecraftforge/event/entity/living/LivingHurtEvent;)V
		2: NORMAL
		3: ASM: com.bobmowzie.mowziesmobs.server.ServerEventHandler@562a4670 onLivingHurt(Lnet/minecraftforge/event/entity/living/LivingHurtEvent;)V
		4: ASM: com.bobmowzie.mowziesmobs.server.ability.AbilityCommonEventHandler@717303e4 onTakeDamage(Lnet/minecraftforge/event/entity/living/LivingHurtEvent;)V
		5: ASM: com.github.L_Ender.cataclysm.event.ServerEventHandler@82ed5a4 onLivingDamage(Lnet/minecraftforge/event/entity/living/LivingHurtEvent;)V
		6: ASM: class com.oblivioussp.spartanweaponry.event.CommonEventHandler onLivingHurt(Lnet/minecraftforge/event/entity/living/LivingHurtEvent;)V
		7: ASM: class com.yellowbrossproductions.illageandspillage.events.NightmareEvents onHurt(Lnet/minecraftforge/event/entity/living/LivingHurtEvent;)V
		8: ASM: class com.yellowbrossproductions.illageandspillage.events.ForgeEventBusSubscriber extinguishIllagers(Lnet/minecraftforge/event/entity/living/LivingHurtEvent;)V
		9: ASM: class com.yellowbrossproductions.illageandspillage.events.ForgeEventBusSubscriber absorberGetsHurt(Lnet/minecraftforge/event/entity/living/LivingHurtEvent;)V
		10: ASM: class com.yellowbrossproductions.illageandspillage.events.ForgeEventBusSubscriber calculatePreservedDamage(Lnet/minecraftforge/event/entity/living/LivingHurtEvent;)V
		11: ASM: class com.yellowbrossproductions.illageandspillage.events.ForgeEventBusSubscriber magispellerNegateDamage(Lnet/minecraftforge/event/entity/living/LivingHurtEvent;)V
		12: ASM: class com.yellowbrossproductions.illageandspillage.events.ForgeEventBusSubscriber tickOffBosses(Lnet/minecraftforge/event/entity/living/LivingHurtEvent;)V
		13: ASM: class twilightforest.events.ToolEvents onKnightmetalToolDamage(Lnet/minecraftforge/event/entity/living/LivingHurtEvent;)V
		14: ASM: class twilightforest.events.ToolEvents onMinotaurAxeCharge(Lnet/minecraftforge/event/entity/living/LivingHurtEvent;)V
		15: ASM: class twilightforest.events.EntityEvents onLivingHurtEvent(Lnet/minecraftforge/event/entity/living/LivingHurtEvent;)V
		16: ASM: class twilightforest.events.EntityEvents entityHurts(Lnet/minecraftforge/event/entity/living/LivingHurtEvent;)V
		17: ASM: com.github.alexthe666.iceandfire.event.ServerEvents@6c313db7 onEntityDamage(Lnet/minecraftforge/event/entity/living/LivingHurtEvent;)V
java.lang.RuntimeException: Attempted to load class net/minecraft/client/Minecraft for invalid dist DEDICATED_SERVER
	at MC-BOOTSTRAP/fmlloader@1.20.1-47.3.7/net.minecraftforge.fml.loading.RuntimeDistCleaner.processClassWithFlags(RuntimeDistCleaner.java:57)
	at MC-BOOTSTRAP/cpw.mods.modlauncher@10.0.9/cpw.mods.modlauncher.LaunchPluginHandler.offerClassNodeToPlugins(LaunchPluginHandler.java:88)
	at MC-BOOTSTRAP/cpw.mods.modlauncher@10.0.9/cpw.mods.modlauncher.ClassTransformer.transform(ClassTransformer.java:120)
	at MC-BOOTSTRAP/cpw.mods.modlauncher@10.0.9/cpw.mods.modlauncher.TransformingClassLoader.maybeTransformClassBytes(TransformingClassLoader.java:50)
	at cpw.mods.securejarhandler/cpw.mods.cl.ModuleClassLoader.readerToClass(ModuleClassLoader.java:113)
	at cpw.mods.securejarhandler/cpw.mods.cl.ModuleClassLoader.lambda$findClass$15(ModuleClassLoader.java:219)
	at cpw.mods.securejarhandler/cpw.mods.cl.ModuleClassLoader.loadFromModule(ModuleClassLoader.java:229)
	at cpw.mods.securejarhandler/cpw.mods.cl.ModuleClassLoader.findClass(ModuleClassLoader.java:219)
	at cpw.mods.securejarhandler/cpw.mods.cl.ModuleClassLoader.loadClass(ModuleClassLoader.java:135)
	at java.base/java.lang.ClassLoader.loadClass(ClassLoader.java:525)
	at TRANSFORMER/forge@47.3.7/net.minecraftforge.network.simple.SimpleChannel.sendToServer(SimpleChannel.java:87)
	at TRANSFORMER/justleveling@1.7/com.dplayend.justleveling.network.ServerNetworking.sendToServer(ServerNetworking.java:36)
	at TRANSFORMER/justleveling@1.7/com.dplayend.justleveling.network.packet.common.CounterAttackSP.send(CounterAttackSP.java:51)
	at TRANSFORMER/justleveling@1.7/com.dplayend.justleveling.registry.RegistryCommonEvents.lambda$onAttackEntity$8(RegistryCommonEvents.java:315)
	at TRANSFORMER/forge@47.3.7/net.minecraftforge.common.util.LazyOptional.ifPresent(LazyOptional.java:137)
	at TRANSFORMER/justleveling@1.7/com.dplayend.justleveling.registry.RegistryCommonEvents.onAttackEntity(RegistryCommonEvents.java:315)
	at TRANSFORMER/justleveling@1.7/com.dplayend.justleveling.registry.__RegistryCommonEvents_onAttackEntity_LivingHurtEvent.invoke(.dynamic)
	at MC-BOOTSTRAP/net.minecraftforge.eventbus/net.minecraftforge.eventbus.ASMEventHandler.invoke(ASMEventHandler.java:73)
	at MC-BOOTSTRAP/net.minecraftforge.eventbus/net.minecraftforge.eventbus.EventBus.post(EventBus.java:315)
	at MC-BOOTSTRAP/net.minecraftforge.eventbus/net.minecraftforge.eventbus.EventBus.post(EventBus.java:296)
	at TRANSFORMER/forge@47.3.7/net.minecraftforge.common.ForgeHooks.onLivingHurt(ForgeHooks.java:292)
	at TRANSFORMER/minecraft@1.20.1/net.minecraft.world.entity.player.Player.m_6475_(Player.java:906)
	at TRANSFORMER/minecraft@1.20.1/net.minecraft.world.entity.LivingEntity.m_6469_(LivingEntity.java:1112)
	at TRANSFORMER/minecraft@1.20.1/net.minecraft.world.entity.player.Player.m_6469_(Player.java:840)
	at TRANSFORMER/minecraft@1.20.1/net.minecraft.server.level.ServerPlayer.m_6469_(ServerPlayer.java:695)
	at TRANSFORMER/minecraft@1.20.1/net.minecraft.world.entity.Mob.m_7327_(Mob.java:1410)
	at TRANSFORMER/minecraft@1.20.1/net.minecraft.world.entity.monster.Zombie.m_7327_(Zombie.java:315)
	at TRANSFORMER/minecraft@1.20.1/net.minecraft.world.entity.ai.goal.MeleeAttackGoal.m_6739_(MeleeAttackGoal.java:147)
	at TRANSFORMER/minecraft@1.20.1/net.minecraft.world.entity.ai.goal.MeleeAttackGoal.m_8037_(MeleeAttackGoal.java:138)
	at TRANSFORMER/minecraft@1.20.1/net.minecraft.world.entity.ai.goal.ZombieAttackGoal.m_8037_(ZombieAttackGoal.java:28)
	at TRANSFORMER/minecraft@1.20.1/net.minecraft.world.entity.ai.goal.WrappedGoal.m_8037_(WrappedGoal.java:65)
	at TRANSFORMER/minecraft@1.20.1/net.minecraft.world.entity.ai.goal.GoalSelector.m_186081_(GoalSelector.java:120)
	at TRANSFORMER/minecraft@1.20.1/net.minecraft.world.entity.Mob.m_6140_(Mob.java:753)
	at TRANSFORMER/minecraft@1.20.1/net.minecraft.world.entity.LivingEntity.m_8107_(LivingEntity.java:2548)
	at TRANSFORMER/minecraft@1.20.1/net.minecraft.world.entity.Mob.m_8107_(Mob.java:536)
	at TRANSFORMER/minecraft@1.20.1/net.minecraft.world.entity.monster.Monster.m_8107_(Monster.java:42)
	at TRANSFORMER/minecraft@1.20.1/net.minecraft.world.entity.monster.Zombie.m_8107_(Zombie.java:236)
	at TRANSFORMER/minecraft@1.20.1/net.minecraft.world.entity.LivingEntity.m_8119_(LivingEntity.java:2298)
	at TRANSFORMER/minecraft@1.20.1/net.minecraft.world.entity.Mob.m_8119_(Mob.java:337)
	at TRANSFORMER/minecraft@1.20.1/net.minecraft.world.entity.monster.Zombie.m_8119_(Zombie.java:210)
	at TRANSFORMER/minecraft@1.20.1/net.minecraft.server.level.ServerLevel.m_8647_(ServerLevel.java:693)
	at TRANSFORMER/minecraft@1.20.1/net.minecraft.world.level.Level.m_46653_(Level.java:479)
	at TRANSFORMER/minecraft@1.20.1/net.minecraft.server.level.ServerLevel.m_184063_(ServerLevel.java:343)
	at TRANSFORMER/minecraft@1.20.1/net.minecraft.world.level.entity.EntityTickList.m_156910_(EntityTickList.java:54)
	at TRANSFORMER/minecraft@1.20.1/net.minecraft.server.level.ServerLevel.m_8793_(ServerLevel.java:323)
	at TRANSFORMER/minecraft@1.20.1/net.minecraft.server.MinecraftServer.m_5703_(MinecraftServer.java:893)
	at TRANSFORMER/minecraft@1.20.1/net.minecraft.server.dedicated.DedicatedServer.m_5703_(DedicatedServer.java:283)
	at TRANSFORMER/minecraft@1.20.1/net.minecraft.server.MinecraftServer.m_5705_(MinecraftServer.java:814)
	at TRANSFORMER/minecraft@1.20.1/net.minecraft.server.MinecraftServer.m_130011_(MinecraftServer.java:661)
	at TRANSFORMER/minecraft@1.20.1/net.minecraft.server.MinecraftServer.m_206580_(MinecraftServer.java:251)
	at java.base/java.lang.Thread.run(Thread.java:840)

[24Apr2025 01:08:02.934] [Server thread/ERROR] [net.minecraft.server.MinecraftServer/]: Encountered an unexpected exception
net.minecraft.ReportedException: Ticking entity
	at net.minecraft.server.MinecraftServer.m_5703_(MinecraftServer.java:897) ~[server-1.20.1-20230612.114412-srg.jar%23203!/:?]
	at net.minecraft.server.dedicated.DedicatedServer.m_5703_(DedicatedServer.java:283) ~[server-1.20.1-20230612.114412-srg.jar%23203!/:?]
	at net.minecraft.server.MinecraftServer.m_5705_(MinecraftServer.java:814) ~[server-1.20.1-20230612.114412-srg.jar%23203!/:?]
	at net.minecraft.server.MinecraftServer.m_130011_(MinecraftServer.java:661) ~[server-1.20.1-20230612.114412-srg.jar%23203!/:?]
	at net.minecraft.server.MinecraftServer.m_206580_(MinecraftServer.java:251) ~[server-1.20.1-20230612.114412-srg.jar%23203!/:?]
	at java.lang.Thread.run(Thread.java:840) ~[?:?]
Caused by: java.lang.RuntimeException: Attempted to load class net/minecraft/client/Minecraft for invalid dist DEDICATED_SERVER
	at net.minecraftforge.fml.loading.RuntimeDistCleaner.processClassWithFlags(RuntimeDistCleaner.java:57) ~[fmlloader-1.20.1-47.3.7.jar%2369!/:1.0]
	at cpw.mods.modlauncher.LaunchPluginHandler.offerClassNodeToPlugins(LaunchPluginHandler.java:88) ~[modlauncher-10.0.9.jar%2355!/:?]
	at cpw.mods.modlauncher.ClassTransformer.transform(ClassTransformer.java:120) ~[modlauncher-10.0.9.jar%2355!/:?]
	at cpw.mods.modlauncher.TransformingClassLoader.maybeTransformClassBytes(TransformingClassLoader.java:50) ~[modlauncher-10.0.9.jar%2355!/:?]
	at cpw.mods.cl.ModuleClassLoader.readerToClass(ModuleClassLoader.java:113) ~[securejarhandler-2.1.10.jar:?]
	at cpw.mods.cl.ModuleClassLoader.lambda$findClass$15(ModuleClassLoader.java:219) ~[securejarhandler-2.1.10.jar:?]
	at cpw.mods.cl.ModuleClassLoader.loadFromModule(ModuleClassLoader.java:229) ~[securejarhandler-2.1.10.jar:?]
	at cpw.mods.cl.ModuleClassLoader.findClass(ModuleClassLoader.java:219) ~[securejarhandler-2.1.10.jar:?]
	at cpw.mods.cl.ModuleClassLoader.loadClass(ModuleClassLoader.java:135) ~[securejarhandler-2.1.10.jar:?]
	at java.lang.ClassLoader.loadClass(ClassLoader.java:525) ~[?:?]
	at net.minecraftforge.network.simple.SimpleChannel.sendToServer(SimpleChannel.java:87) ~[forge-1.20.1-47.3.7-universal.jar%23208!/:?]
	at com.dplayend.justleveling.network.ServerNetworking.sendToServer(ServerNetworking.java:36) ~[justleveling-forge-1.20.x-v1.7.jar%23176!/:forge-1.20.x-v1.7]
	at com.dplayend.justleveling.network.packet.common.CounterAttackSP.send(CounterAttackSP.java:51) ~[justleveling-forge-1.20.x-v1.7.jar%23176!/:forge-1.20.x-v1.7]
	at com.dplayend.justleveling.registry.RegistryCommonEvents.lambda$onAttackEntity$8(RegistryCommonEvents.java:315) ~[justleveling-forge-1.20.x-v1.7.jar%23176!/:forge-1.20.x-v1.7]
	at net.minecraftforge.common.util.LazyOptional.ifPresent(LazyOptional.java:137) ~[forge-1.20.1-47.3.7-universal.jar%23208!/:?]
	at com.dplayend.justleveling.registry.RegistryCommonEvents.onAttackEntity(RegistryCommonEvents.java:315) ~[justleveling-forge-1.20.x-v1.7.jar%23176!/:forge-1.20.x-v1.7]
	at com.dplayend.justleveling.registry.__RegistryCommonEvents_onAttackEntity_LivingHurtEvent.invoke(.dynamic) ~[justleveling-forge-1.20.x-v1.7.jar%23176!/:forge-1.20.x-v1.7]
	at net.minecraftforge.eventbus.ASMEventHandler.invoke(ASMEventHandler.java:73) ~[eventbus-6.0.5.jar%2352!/:?]
	at net.minecraftforge.eventbus.EventBus.post(EventBus.java:315) ~[eventbus-6.0.5.jar%2352!/:?]
	at net.minecraftforge.eventbus.EventBus.post(EventBus.java:296) ~[eventbus-6.0.5.jar%2352!/:?]
	at net.minecraftforge.common.ForgeHooks.onLivingHurt(ForgeHooks.java:292) ~[forge-1.20.1-47.3.7-universal.jar%23208!/:?]
	at net.minecraft.world.entity.player.Player.m_6475_(Player.java:906) ~[server-1.20.1-20230612.114412-srg.jar%23203!/:?]
	at net.minecraft.world.entity.LivingEntity.m_6469_(LivingEntity.java:1112) ~[server-1.20.1-20230612.114412-srg.jar%23203!/:?]
	at net.minecraft.world.entity.player.Player.m_6469_(Player.java:840) ~[server-1.20.1-20230612.114412-srg.jar%23203!/:?]
	at net.minecraft.server.level.ServerPlayer.m_6469_(ServerPlayer.java:695) ~[server-1.20.1-20230612.114412-srg.jar%23203!/:?]
	at net.minecraft.world.entity.Mob.m_7327_(Mob.java:1410) ~[server-1.20.1-20230612.114412-srg.jar%23203!/:?]
	at net.minecraft.world.entity.monster.Zombie.m_7327_(Zombie.java:315) ~[server-1.20.1-20230612.114412-srg.jar%23203!/:?]
	at net.minecraft.world.entity.ai.goal.MeleeAttackGoal.m_6739_(MeleeAttackGoal.java:147) ~[server-1.20.1-20230612.114412-srg.jar%23203!/:?]
	at net.minecraft.world.entity.ai.goal.MeleeAttackGoal.m_8037_(MeleeAttackGoal.java:138) ~[server-1.20.1-20230612.114412-srg.jar%23203!/:?]
	at net.minecraft.world.entity.ai.goal.ZombieAttackGoal.m_8037_(ZombieAttackGoal.java:28) ~[server-1.20.1-20230612.114412-srg.jar%23203!/:?]
	at net.minecraft.world.entity.ai.goal.WrappedGoal.m_8037_(WrappedGoal.java:65) ~[server-1.20.1-20230612.114412-srg.jar%23203!/:?]
	at net.minecraft.world.entity.ai.goal.GoalSelector.m_186081_(GoalSelector.java:120) ~[server-1.20.1-20230612.114412-srg.jar%23203!/:?]
	at net.minecraft.world.entity.Mob.m_6140_(Mob.java:753) ~[server-1.20.1-20230612.114412-srg.jar%23203!/:?]
	at net.minecraft.world.entity.LivingEntity.m_8107_(LivingEntity.java:2548) ~[server-1.20.1-20230612.114412-srg.jar%23203!/:?]
	at net.minecraft.world.entity.Mob.m_8107_(Mob.java:536) ~[server-1.20.1-20230612.114412-srg.jar%23203!/:?]
	at net.minecraft.world.entity.monster.Monster.m_8107_(Monster.java:42) ~[server-1.20.1-20230612.114412-srg.jar%23203!/:?]
	at net.minecraft.world.entity.monster.Zombie.m_8107_(Zombie.java:236) ~[server-1.20.1-20230612.114412-srg.jar%23203!/:?]
	at net.minecraft.world.entity.LivingEntity.m_8119_(LivingEntity.java:2298) ~[server-1.20.1-20230612.114412-srg.jar%23203!/:?]
	at net.minecraft.world.entity.Mob.m_8119_(Mob.java:337) ~[server-1.20.1-20230612.114412-srg.jar%23203!/:?]
	at net.minecraft.world.entity.monster.Zombie.m_8119_(Zombie.java:210) ~[server-1.20.1-20230612.114412-srg.jar%23203!/:?]
	at net.minecraft.server.level.ServerLevel.m_8647_(ServerLevel.java:693) ~[server-1.20.1-20230612.114412-srg.jar%23203!/:?]
	at net.minecraft.world.level.Level.m_46653_(Level.java:479) ~[server-1.20.1-20230612.114412-srg.jar%23203!/:?]
	at net.minecraft.server.level.ServerLevel.m_184063_(ServerLevel.java:343) ~[server-1.20.1-20230612.114412-srg.jar%23203!/:?]
	at net.minecraft.world.level.entity.EntityTickList.m_156910_(EntityTickList.java:54) ~[server-1.20.1-20230612.114412-srg.jar%23203!/:?]
	at net.minecraft.server.level.ServerLevel.m_8793_(ServerLevel.java:323) ~[server-1.20.1-20230612.114412-srg.jar%23203!/:?]
	at net.minecraft.server.MinecraftServer.m_5703_(MinecraftServer.java:893) ~[server-1.20.1-20230612.114412-srg.jar%23203!/:?]
	... 5 more
[24Apr2025 01:08:02.967] [Server thread/FATAL] [net.minecraftforge.common.ForgeMod/]: Preparing crash report with UUID 65ea8b0e-6d28-40df-ba0b-e9d8408edd2c
[24Apr2025 01:08:02.967] [Server thread/ERROR] [net.minecraft.server.MinecraftServer/]: This crash report has been saved to: /workspaces/firmecodigo/servidor_minecraft/./crash-reports/crash-2025-04-24_01.08.02-server.txt
[24Apr2025 01:08:02.967] [Server thread/INFO] [net.minecraft.server.MinecraftServer/]: Stopping server
[24Apr2025 01:08:02.968] [Server thread/INFO] [net.minecraft.server.MinecraftServer/]: Saving players
[24Apr2025 01:08:02.986] [Server thread/INFO] [net.minecraft.server.network.ServerGamePacketListenerImpl/]: buenxs14 lost connection: Server closed
[24Apr2025 01:08:02.987] [Server thread/INFO] [net.minecraft.server.MinecraftServer/]: buenxs14 left the game
[24Apr2025 01:08:02.996] [Server thread/INFO] [net.minecraft.server.MinecraftServer/]: Saving worlds
[24Apr2025 01:08:03.387] [Server thread/INFO] [net.minecraft.server.MinecraftServer/]: Saving chunks for level 'ServerLevel[world]'/minecraft:overworld
[24Apr2025 01:08:04.284] [Server thread/INFO] [net.minecraft.server.MinecraftServer/]: Saving chunks for level 'ServerLevel[world]'/minecraft:the_end
[24Apr2025 01:08:04.285] [Server thread/INFO] [net.minecraft.server.MinecraftServer/]: Saving chunks for level 'ServerLevel[world]'/minecraft:the_nether
[24Apr2025 01:08:04.285] [Server thread/INFO] [net.minecraft.server.MinecraftServer/]: Saving chunks for level 'ServerLevel[world]'/twilightforest:twilight_forest
[24Apr2025 01:08:04.323] [Server thread/INFO] [net.minecraft.server.MinecraftServer/]: ThreadedAnvilChunkStorage (world): All chunks are saved
[24Apr2025 01:08:04.323] [Server thread/INFO] [net.minecraft.server.MinecraftServer/]: ThreadedAnvilChunkStorage (DIM1): All chunks are saved
[24Apr2025 01:08:04.323] [Server thread/INFO] [net.minecraft.server.MinecraftServer/]: ThreadedAnvilChunkStorage (DIM-1): All chunks are saved
[24Apr2025 01:08:04.323] [Server thread/INFO] [net.minecraft.server.MinecraftServer/]: ThreadedAnvilChunkStorage (twilight_forest): All chunks are saved
[24Apr2025 01:08:04.323] [Server thread/INFO] [net.minecraft.server.MinecraftServer/]: ThreadedAnvilChunkStorage: All dimensions are saved
[24Apr2025 01:08:04.325] [Server thread/INFO] [com.yellowbrossproductions.illageandspillage.IllageAndSpillage/]: Removed entity.illageandspillage.boss_randomizer from Raids to prevent a post-mod-removal crash
[24Apr2025 01:08:04.325] [Server thread/INFO] [com.yellowbrossproductions.illageandspillage.IllageAndSpillage/]: Removed entity.illageandspillage.igniter from Raids to prevent a post-mod-removal crash
[24Apr2025 01:08:04.325] [Server thread/INFO] [com.yellowbrossproductions.illageandspillage.IllageAndSpillage/]: Removed entity.illageandspillage.engineer from Raids to prevent a post-mod-removal crash
[24Apr2025 01:08:04.325] [Server thread/INFO] [com.yellowbrossproductions.illageandspillage.IllageAndSpillage/]: Removed entity.illageandspillage.twittollager from Raids to prevent a post-mod-removal crash
[24Apr2025 01:08:04.325] [Server thread/INFO] [com.yellowbrossproductions.illageandspillage.IllageAndSpillage/]: Removed entity.illageandspillage.magispeller from Raids to prevent a post-mod-removal crash
[24Apr2025 01:08:04.325] [Server thread/INFO] [com.yellowbrossproductions.illageandspillage.IllageAndSpillage/]: Removed entity.illageandspillage.spiritcaller from Raids to prevent a post-mod-removal crash
[24Apr2025 01:08:04.325] [Server thread/INFO] [com.yellowbrossproductions.illageandspillage.IllageAndSpillage/]: Removed entity.illageandspillage.crocofang from Raids to prevent a post-mod-removal crash
[24Apr2025 01:08:04.325] [Server thread/INFO] [com.yellowbrossproductions.illageandspillage.IllageAndSpillage/]: Removed entity.illageandspillage.absorber from Raids to prevent a post-mod-removal crash
[24Apr2025 01:08:04.326] [Server thread/INFO] [com.yellowbrossproductions.illageandspillage.IllageAndSpillage/]: Removed entity.illageandspillage.preserver from Raids to prevent a post-mod-removal crash
[24Apr2025 01:08:04.326] [Server thread/INFO] [com.yellowbrossproductions.illageandspillage.IllageAndSpillage/]: Removed entity.illageandspillage.freakager from Raids to prevent a post-mod-removal crash
[24Apr2025 01:08:04.326] [Server thread/INFO] [com.yellowbrossproductions.illageandspillage.IllageAndSpillage/]: Removed entity.illageandspillage.old_freakager from Raids to prevent a post-mod-removal crash
[24Apr2025 01:08:04.326] [Server thread/INFO] [com.yellowbrossproductions.illageandspillage.IllageAndSpillage/]: Removed entity.illageandspillage.old_magispeller from Raids to prevent a post-mod-removal crash
[24Apr2025 01:08:04.379] [Server thread/INFO] [com.yellowbrossproductions.illageandspillage.IllageAndSpillage/]: Removed entity.illageandspillage.boss_randomizer from Raids to prevent a post-mod-removal crash
[24Apr2025 01:08:04.379] [Server thread/INFO] [com.yellowbrossproductions.illageandspillage.IllageAndSpillage/]: Removed entity.illageandspillage.igniter from Raids to prevent a post-mod-removal crash
[24Apr2025 01:08:04.379] [Server thread/INFO] [com.yellowbrossproductions.illageandspillage.IllageAndSpillage/]: Removed entity.illageandspillage.engineer from Raids to prevent a post-mod-removal crash
[24Apr2025 01:08:04.379] [Server thread/INFO] [com.yellowbrossproductions.illageandspillage.IllageAndSpillage/]: Removed entity.illageandspillage.twittollager from Raids to prevent a post-mod-removal crash
[24Apr2025 01:08:04.379] [Server thread/INFO] [com.yellowbrossproductions.illageandspillage.IllageAndSpillage/]: Removed entity.illageandspillage.magispeller from Raids to prevent a post-mod-removal crash
[24Apr2025 01:08:04.379] [Server thread/INFO] [com.yellowbrossproductions.illageandspillage.IllageAndSpillage/]: Removed entity.illageandspillage.spiritcaller from Raids to prevent a post-mod-removal crash
[24Apr2025 01:08:04.380] [Server thread/INFO] [com.yellowbrossproductions.illageandspillage.IllageAndSpillage/]: Removed entity.illageandspillage.crocofang from Raids to prevent a post-mod-removal crash
[24Apr2025 01:08:04.380] [Server thread/INFO] [com.yellowbrossproductions.illageandspillage.IllageAndSpillage/]: Removed entity.illageandspillage.absorber from Raids to prevent a post-mod-removal crash
[24Apr2025 01:08:04.380] [Server thread/INFO] [com.yellowbrossproductions.illageandspillage.IllageAndSpillage/]: Removed entity.illageandspillage.preserver from Raids to prevent a post-mod-removal crash
[24Apr2025 01:08:04.380] [Server thread/INFO] [com.yellowbrossproductions.illageandspillage.IllageAndSpillage/]: Removed entity.illageandspillage.freakager from Raids to prevent a post-mod-removal crash
[24Apr2025 01:08:04.380] [Server thread/INFO] [com.yellowbrossproductions.illageandspillage.IllageAndSpillage/]: Removed entity.illageandspillage.old_freakager from Raids to prevent a post-mod-removal crash
[24Apr2025 01:08:04.380] [Server thread/INFO] [com.yellowbrossproductions.illageandspillage.IllageAndSpillage/]: Removed entity.illageandspillage.old_magispeller from Raids to prevent a post-mod-removal crash
[24Apr2025 01:08:04.380] [Server thread/INFO] [com.yellowbrossproductions.illageandspillage.IllageAndSpillage/]: Removed entity.illageandspillage.boss_randomizer from Raids to prevent a post-mod-removal crash
[24Apr2025 01:08:04.381] [Server thread/INFO] [com.yellowbrossproductions.illageandspillage.IllageAndSpillage/]: Removed entity.illageandspillage.igniter from Raids to prevent a post-mod-removal crash
[24Apr2025 01:08:04.381] [Server thread/INFO] [com.yellowbrossproductions.illageandspillage.IllageAndSpillage/]: Removed entity.illageandspillage.engineer from Raids to prevent a post-mod-removal crash
[24Apr2025 01:08:04.381] [Server thread/INFO] [com.yellowbrossproductions.illageandspillage.IllageAndSpillage/]: Removed entity.illageandspillage.twittollager from Raids to prevent a post-mod-removal crash
[24Apr2025 01:08:04.381] [Server thread/INFO] [com.yellowbrossproductions.illageandspillage.IllageAndSpillage/]: Removed entity.illageandspillage.magispeller from Raids to prevent a post-mod-removal crash
[24Apr2025 01:08:04.381] [Server thread/INFO] [com.yellowbrossproductions.illageandspillage.IllageAndSpillage/]: Removed entity.illageandspillage.spiritcaller from Raids to prevent a post-mod-removal crash
[24Apr2025 01:08:04.381] [Server thread/INFO] [com.yellowbrossproductions.illageandspillage.IllageAndSpillage/]: Removed entity.illageandspillage.crocofang from Raids to prevent a post-mod-removal crash
[24Apr2025 01:08:04.381] [Server thread/INFO] [com.yellowbrossproductions.illageandspillage.IllageAndSpillage/]: Removed entity.illageandspillage.absorber from Raids to prevent a post-mod-removal crash
[24Apr2025 01:08:04.381] [Server thread/INFO] [com.yellowbrossproductions.illageandspillage.IllageAndSpillage/]: Removed entity.illageandspillage.preserver from Raids to prevent a post-mod-removal crash
[24Apr2025 01:08:04.381] [Server thread/INFO] [com.yellowbrossproductions.illageandspillage.IllageAndSpillage/]: Removed entity.illageandspillage.freakager from Raids to prevent a post-mod-removal crash
[24Apr2025 01:08:04.381] [Server thread/INFO] [com.yellowbrossproductions.illageandspillage.IllageAndSpillage/]: Removed entity.illageandspillage.old_freakager from Raids to prevent a post-mod-removal crash
[24Apr2025 01:08:04.381] [Server thread/INFO] [com.yellowbrossproductions.illageandspillage.IllageAndSpillage/]: Removed entity.illageandspillage.old_magispeller from Raids to prevent a post-mod-removal crash
[24Apr2025 01:08:04.382] [Server thread/INFO] [com.yellowbrossproductions.illageandspillage.IllageAndSpillage/]: Removed entity.illageandspillage.boss_randomizer from Raids to prevent a post-mod-removal crash
[24Apr2025 01:08:04.382] [Server thread/INFO] [com.yellowbrossproductions.illageandspillage.IllageAndSpillage/]: Removed entity.illageandspillage.igniter from Raids to prevent a post-mod-removal crash
[24Apr2025 01:08:04.382] [Server thread/INFO] [com.yellowbrossproductions.illageandspillage.IllageAndSpillage/]: Removed entity.illageandspillage.engineer from Raids to prevent a post-mod-removal crash
[24Apr2025 01:08:04.382] [Server thread/INFO] [com.yellowbrossproductions.illageandspillage.IllageAndSpillage/]: Removed entity.illageandspillage.twittollager from Raids to prevent a post-mod-removal crash
[24Apr2025 01:08:04.382] [Server thread/INFO] [com.yellowbrossproductions.illageandspillage.IllageAndSpillage/]: Removed entity.illageandspillage.magispeller from Raids to prevent a post-mod-removal crash
[24Apr2025 01:08:04.382] [Server thread/INFO] [com.yellowbrossproductions.illageandspillage.IllageAndSpillage/]: Removed entity.illageandspillage.spiritcaller from Raids to prevent a post-mod-removal crash
[24Apr2025 01:08:04.382] [Server thread/INFO] [com.yellowbrossproductions.illageandspillage.IllageAndSpillage/]: Removed entity.illageandspillage.crocofang from Raids to prevent a post-mod-removal crash
[24Apr2025 01:08:04.382] [Server thread/INFO] [com.yellowbrossproductions.illageandspillage.IllageAndSpillage/]: Removed entity.illageandspillage.absorber from Raids to prevent a post-mod-removal crash
[24Apr2025 01:08:04.383] [Server thread/INFO] [com.yellowbrossproductions.illageandspillage.IllageAndSpillage/]: Removed entity.illageandspillage.preserver from Raids to prevent a post-mod-removal crash
[24Apr2025 01:08:04.383] [Server thread/INFO] [com.yellowbrossproductions.illageandspillage.IllageAndSpillage/]: Removed entity.illageandspillage.freakager from Raids to prevent a post-mod-removal crash
[24Apr2025 01:08:04.383] [Server thread/INFO] [com.yellowbrossproductions.illageandspillage.IllageAndSpillage/]: Removed entity.illageandspillage.old_freakager from Raids to prevent a post-mod-removal crash
[24Apr2025 01:08:04.383] [Server thread/INFO] [com.yellowbrossproductions.illageandspillage.IllageAndSpillage/]: Removed entity.illageandspillage.old_magispeller from Raids to prevent a post-mod-removal crash
[24Apr2025 01:08:04.385] [Server thread/INFO] [Framework/]: Unloading server configs...
[24Apr2025 01:08:04.386] [Server thread/INFO] [Framework/]: Sending config unload event for goblintraders-entities.toml
[24Apr2025 01:08:04.388] [Server thread/INFO] [Framework/]: Finished unloading server configs
